Thu Aug  6 17:05:28 2020:登录发送
Mon Aug 10 11:06:28 2020:登录发送
Mon Aug 10 13:39:36 2020:登录发送
Mon Aug 10 13:49:42 2020:登录发送
Mon Aug 10 13:49:52 2020:发送心跳
Mon Aug 10 13:50:02 2020:发送心跳
Mon Aug 10 13:50:12 2020:发送心跳
Mon Aug 10 13:50:22 2020:发送心跳
Mon Aug 10 13:50:32 2020:发送心跳
Mon Aug 10 13:50:42 2020:发送心跳
Mon Aug 10 13:50:52 2020:发送心跳
Mon Aug 10 13:51:02 2020:发送心跳
Mon Aug 10 13:51:12 2020:发送心跳
Mon Aug 10 13:51:22 2020:发送心跳
Mon Aug 10 13:51:32 2020:发送心跳
Mon Aug 10 13:51:42 2020:发送心跳
Mon Aug 10 13:51:52 2020:发送心跳
Mon Aug 10 13:52:02 2020:发送心跳
Mon Aug 10 13:52:12 2020:发送心跳
Mon Aug 10 13:52:22 2020:发送心跳
Mon Aug 10 13:52:32 2020:发送心跳
Mon Aug 10 13:52:42 2020:发送心跳
Mon Aug 10 13:52:52 2020:发送心跳
Mon Aug 10 13:53:02 2020:发送心跳
Mon Aug 10 13:53:12 2020:发送心跳
Mon Aug 10 13:53:22 2020:发送心跳
Mon Aug 10 13:53:32 2020:发送心跳
Mon Aug 10 13:53:42 2020:发送心跳
Mon Aug 10 13:53:52 2020:发送心跳
Mon Aug 10 13:54:02 2020:发送心跳
Mon Aug 10 13:54:12 2020:发送心跳
Mon Aug 10 13:54:22 2020:发送心跳
Mon Aug 10 14:15:11 2020:登录发送
Mon Aug 10 14:16:41 2020:登录发送
Mon Aug 10 14:16:46 2020:登录发送
Mon Aug 10 14:16:51 2020:登录发送
Mon Aug 10 14:16:56 2020:登录发送
Mon Aug 10 14:17:01 2020:登录发送
Mon Aug 10 14:17:06 2020:登录发送
Mon Aug 10 14:17:11 2020:登录发送
Mon Aug 10 14:17:16 2020:登录发送
Mon Aug 10 14:18:42 2020:登录发送
Mon Aug 10 14:18:47 2020:登录发送
Mon Aug 10 14:18:52 2020:登录发送
Mon Aug 10 14:20:21 2020:登录发送
Mon Aug 10 14:20:26 2020:登录发送
Mon Aug 10 14:20:31 2020:登录发送
Mon Aug 10 14:25:52 2020:登录发送
Mon Aug 10 14:25:57 2020:登录发送
Mon Aug 10 14:32:26 2020:登录发送
Mon Aug 10 14:35:10 2020:登录发送
Mon Aug 10 14:35:20 2020:发送心跳
Mon Aug 10 14:35:30 2020:发送心跳
Mon Aug 10 14:35:40 2020:发送心跳
Mon Aug 10 14:35:50 2020:发送心跳
Mon Aug 10 14:36:00 2020:发送心跳
Mon Aug 10 14:36:10 2020:发送心跳
Mon Aug 10 14:36:20 2020:发送心跳
Mon Aug 10 14:36:30 2020:发送心跳
Mon Aug 10 14:36:40 2020:发送心跳
Mon Aug 10 14:36:50 2020:发送心跳
Mon Aug 10 14:37:00 2020:发送心跳
Mon Aug 10 14:37:10 2020:发送心跳
Mon Aug 10 14:37:20 2020:发送心跳
Mon Aug 10 14:37:30 2020:发送心跳
Mon Aug 10 14:37:40 2020:发送心跳
Mon Aug 10 14:37:50 2020:发送心跳
Mon Aug 10 14:38:00 2020:发送心跳
Mon Aug 10 14:38:10 2020:发送心跳
Mon Aug 10 14:38:20 2020:发送心跳
Mon Aug 10 14:38:30 2020:发送心跳
Mon Aug 10 14:38:40 2020:发送心跳
Mon Aug 10 14:38:50 2020:发送心跳
Mon Aug 10 14:39:00 2020:发送心跳
Mon Aug 10 14:39:10 2020:发送心跳
Mon Aug 10 14:39:20 2020:发送心跳
Mon Aug 10 14:39:30 2020:发送心跳
Mon Aug 10 14:39:40 2020:发送心跳
Mon Aug 10 14:39:50 2020:发送心跳
Mon Aug 10 14:40:00 2020:发送心跳
Mon Aug 10 14:40:10 2020:发送心跳
Mon Aug 10 14:40:20 2020:发送心跳
Mon Aug 10 14:40:30 2020:发送心跳
Mon Aug 10 14:40:40 2020:发送心跳
Mon Aug 10 14:40:50 2020:发送心跳
Mon Aug 10 14:41:00 2020:发送心跳
Mon Aug 10 14:41:10 2020:发送心跳
Mon Aug 10 14:41:20 2020:发送心跳
Mon Aug 10 14:41:30 2020:发送心跳
Mon Aug 10 14:41:40 2020:发送心跳
Mon Aug 10 14:41:50 2020:发送心跳
Mon Aug 10 14:42:00 2020:发送心跳
Mon Aug 10 14:42:10 2020:发送心跳
Mon Aug 10 14:42:20 2020:发送心跳
Mon Aug 10 14:42:30 2020:发送心跳
Mon Aug 10 14:42:40 2020:发送心跳
Mon Aug 10 14:42:50 2020:发送心跳
Mon Aug 10 14:43:00 2020:发送心跳
Mon Aug 10 14:43:10 2020:发送心跳
Mon Aug 10 14:43:20 2020:发送心跳
Mon Aug 10 14:43:30 2020:发送心跳
Mon Aug 10 14:43:40 2020:发送心跳
Mon Aug 10 14:43:50 2020:发送心跳
Mon Aug 10 14:44:00 2020:发送心跳
Mon Aug 10 14:44:10 2020:发送心跳
Mon Aug 10 14:44:20 2020:发送心跳
Mon Aug 10 14:44:30 2020:发送心跳
Mon Aug 10 14:44:40 2020:发送心跳
Mon Aug 10 14:44:50 2020:发送心跳
Mon Aug 10 14:45:00 2020:发送心跳
Mon Aug 10 14:45:10 2020:发送心跳
Mon Aug 10 14:45:20 2020:发送心跳
Mon Aug 10 14:45:30 2020:发送心跳
Mon Aug 10 14:45:40 2020:发送心跳
Mon Aug 10 14:45:50 2020:发送心跳
Mon Aug 10 14:46:00 2020:发送心跳
Mon Aug 10 14:46:10 2020:发送心跳
Mon Aug 10 14:46:20 2020:发送心跳
Mon Aug 10 14:46:30 2020:发送心跳
Mon Aug 10 14:46:40 2020:发送心跳
Mon Aug 10 14:46:50 2020:发送心跳
Mon Aug 10 14:47:00 2020:发送心跳
Mon Aug 10 14:47:10 2020:发送心跳
Mon Aug 10 14:47:20 2020:发送心跳
Mon Aug 10 14:47:30 2020:发送心跳
Mon Aug 10 14:47:40 2020:发送心跳
Mon Aug 10 14:47:50 2020:发送心跳
Mon Aug 10 14:48:00 2020:发送心跳
Mon Aug 10 14:48:10 2020:发送心跳
Mon Aug 10 14:48:20 2020:发送心跳
Mon Aug 10 14:48:30 2020:发送心跳
Mon Aug 10 14:48:40 2020:发送心跳
Mon Aug 10 14:48:50 2020:发送心跳
Mon Aug 10 14:49:00 2020:发送心跳
Mon Aug 10 14:49:10 2020:发送心跳
Mon Aug 10 14:49:20 2020:发送心跳
Mon Aug 10 14:49:30 2020:发送心跳
Mon Aug 10 14:49:40 2020:发送心跳
Mon Aug 10 14:49:50 2020:发送心跳
Mon Aug 10 14:50:00 2020:发送心跳
Mon Aug 10 14:50:10 2020:发送心跳
Mon Aug 10 14:50:20 2020:发送心跳
Mon Aug 10 14:50:30 2020:发送心跳
Mon Aug 10 14:50:40 2020:发送心跳
Mon Aug 10 14:50:50 2020:发送心跳
Mon Aug 10 14:51:00 2020:发送心跳
Mon Aug 10 14:51:10 2020:发送心跳
Mon Aug 10 14:51:20 2020:发送心跳
Mon Aug 10 14:51:30 2020:发送心跳
Mon Aug 10 14:51:40 2020:发送心跳
Mon Aug 10 14:51:50 2020:发送心跳
Mon Aug 10 14:52:00 2020:发送心跳
Mon Aug 10 14:52:10 2020:发送心跳
Mon Aug 10 14:52:20 2020:发送心跳
Mon Aug 10 14:52:30 2020:发送心跳
Mon Aug 10 14:52:40 2020:发送心跳
Mon Aug 10 14:52:50 2020:发送心跳
Mon Aug 10 14:53:00 2020:发送心跳
Mon Aug 10 14:53:10 2020:发送心跳
Mon Aug 10 14:53:20 2020:发送心跳
Mon Aug 10 14:53:30 2020:发送心跳
Mon Aug 10 14:53:40 2020:发送心跳
Mon Aug 10 14:53:50 2020:发送心跳
Mon Aug 10 14:54:00 2020:发送心跳
Mon Aug 10 14:54:10 2020:发送心跳
Mon Aug 10 14:54:20 2020:发送心跳
Mon Aug 10 14:54:30 2020:发送心跳
Mon Aug 10 14:54:40 2020:发送心跳
Mon Aug 10 14:54:50 2020:发送心跳
Mon Aug 10 14:55:00 2020:发送心跳
Mon Aug 10 14:55:10 2020:发送心跳
Mon Aug 10 14:55:20 2020:发送心跳
Mon Aug 10 14:55:30 2020:发送心跳
Mon Aug 10 14:55:40 2020:发送心跳
Mon Aug 10 14:55:50 2020:发送心跳
Mon Aug 10 14:56:00 2020:发送心跳
Mon Aug 10 14:56:10 2020:发送心跳
Mon Aug 10 14:56:20 2020:发送心跳
Mon Aug 10 14:56:30 2020:发送心跳
Mon Aug 10 14:56:40 2020:发送心跳
Mon Aug 10 14:56:50 2020:发送心跳
Mon Aug 10 14:57:00 2020:发送心跳
Mon Aug 10 14:57:10 2020:发送心跳
Mon Aug 10 14:57:20 2020:发送心跳
Mon Aug 10 14:57:30 2020:发送心跳
Mon Aug 10 14:57:40 2020:发送心跳
Mon Aug 10 14:57:50 2020:发送心跳
Mon Aug 10 14:58:00 2020:发送心跳
Mon Aug 10 14:58:10 2020:发送心跳
Mon Aug 10 14:58:20 2020:发送心跳
Mon Aug 10 14:58:30 2020:发送心跳
Mon Aug 10 14:58:40 2020:发送心跳
Mon Aug 10 14:58:50 2020:发送心跳
Mon Aug 10 14:59:00 2020:发送心跳
Mon Aug 10 14:59:10 2020:发送心跳
Mon Aug 10 14:59:20 2020:发送心跳
Mon Aug 10 14:59:30 2020:发送心跳
Mon Aug 10 14:59:40 2020:发送心跳
Mon Aug 10 14:59:50 2020:发送心跳
Mon Aug 10 15:00:00 2020:发送心跳
Mon Aug 10 15:00:10 2020:发送心跳
Mon Aug 10 15:00:20 2020:发送心跳
Mon Aug 10 15:00:30 2020:发送心跳
Mon Aug 10 15:00:40 2020:发送心跳
Mon Aug 10 15:00:50 2020:发送心跳
Mon Aug 10 15:01:00 2020:发送心跳
Mon Aug 10 15:01:10 2020:发送心跳
Mon Aug 10 15:01:20 2020:发送心跳
Mon Aug 10 15:01:30 2020:发送心跳
Mon Aug 10 15:01:40 2020:发送心跳
Mon Aug 10 15:01:50 2020:发送心跳
Mon Aug 10 15:02:00 2020:发送心跳
Mon Aug 10 15:02:10 2020:发送心跳
Mon Aug 10 15:02:20 2020:发送心跳
Mon Aug 10 15:02:30 2020:发送心跳
Mon Aug 10 15:02:40 2020:发送心跳
Mon Aug 10 15:02:50 2020:发送心跳
Mon Aug 10 15:03:00 2020:发送心跳
Mon Aug 10 15:03:10 2020:发送心跳
Mon Aug 10 15:03:20 2020:发送心跳
Mon Aug 10 15:03:30 2020:发送心跳
Mon Aug 10 15:03:40 2020:发送心跳
Mon Aug 10 15:03:50 2020:发送心跳
Mon Aug 10 15:04:00 2020:发送心跳
Mon Aug 10 15:04:10 2020:发送心跳
Mon Aug 10 15:04:20 2020:发送心跳
Mon Aug 10 15:04:30 2020:发送心跳
Mon Aug 10 15:04:40 2020:发送心跳
Mon Aug 10 15:04:50 2020:发送心跳
Mon Aug 10 15:05:00 2020:发送心跳
Mon Aug 10 15:05:10 2020:发送心跳
Mon Aug 10 15:05:20 2020:发送心跳
Mon Aug 10 15:05:30 2020:发送心跳
Mon Aug 10 15:05:40 2020:发送心跳
Mon Aug 10 15:05:50 2020:发送心跳
Mon Aug 10 15:06:00 2020:发送心跳
Mon Aug 10 15:06:10 2020:发送心跳
Mon Aug 10 15:06:20 2020:发送心跳
Mon Aug 10 15:06:30 2020:发送心跳
Mon Aug 10 15:06:40 2020:发送心跳
Mon Aug 10 15:06:50 2020:发送心跳
Mon Aug 10 15:07:00 2020:发送心跳
Mon Aug 10 15:07:10 2020:发送心跳
Mon Aug 10 15:07:20 2020:发送心跳
Mon Aug 10 15:07:30 2020:发送心跳
Mon Aug 10 15:07:40 2020:发送心跳
Mon Aug 10 15:07:50 2020:发送心跳
Mon Aug 10 15:08:00 2020:发送心跳
Mon Aug 10 15:08:10 2020:发送心跳
Mon Aug 10 15:08:20 2020:发送心跳
Mon Aug 10 15:08:30 2020:发送心跳
Mon Aug 10 15:08:40 2020:发送心跳
Mon Aug 10 15:08:50 2020:发送心跳
Mon Aug 10 15:09:00 2020:发送心跳
Mon Aug 10 15:09:10 2020:发送心跳
Mon Aug 10 15:09:20 2020:发送心跳
Mon Aug 10 15:09:30 2020:发送心跳
Mon Aug 10 15:09:40 2020:发送心跳
Mon Aug 10 15:09:50 2020:发送心跳
Mon Aug 10 15:10:00 2020:发送心跳
Mon Aug 10 15:10:10 2020:发送心跳
Mon Aug 10 15:10:20 2020:发送心跳
Mon Aug 10 15:10:30 2020:发送心跳
Mon Aug 10 15:10:40 2020:发送心跳
Mon Aug 10 15:10:50 2020:发送心跳
Mon Aug 10 15:11:00 2020:发送心跳
Mon Aug 10 15:11:10 2020:发送心跳
Mon Aug 10 15:11:20 2020:发送心跳
Mon Aug 10 15:11:30 2020:发送心跳
Mon Aug 10 15:11:40 2020:发送心跳
Mon Aug 10 15:11:50 2020:发送心跳
Mon Aug 10 15:12:00 2020:发送心跳
Mon Aug 10 15:12:10 2020:发送心跳
Mon Aug 10 15:12:20 2020:发送心跳
Mon Aug 10 15:12:30 2020:发送心跳
Mon Aug 10 15:12:40 2020:发送心跳
Mon Aug 10 15:12:50 2020:发送心跳
Mon Aug 10 15:13:00 2020:发送心跳
Mon Aug 10 15:13:10 2020:发送心跳
Mon Aug 10 15:13:20 2020:发送心跳
Mon Aug 10 15:13:30 2020:发送心跳
Mon Aug 10 15:13:40 2020:发送心跳
Mon Aug 10 15:13:50 2020:发送心跳
Mon Aug 10 15:14:00 2020:发送心跳
Mon Aug 10 15:14:10 2020:发送心跳
Mon Aug 10 15:14:20 2020:发送心跳
Mon Aug 10 15:14:30 2020:发送心跳
Mon Aug 10 15:14:40 2020:发送心跳
Mon Aug 10 15:14:50 2020:发送心跳
Mon Aug 10 15:15:00 2020:发送心跳
Mon Aug 10 15:15:10 2020:发送心跳
Mon Aug 10 15:15:20 2020:发送心跳
Mon Aug 10 15:15:30 2020:发送心跳
Mon Aug 10 15:15:40 2020:发送心跳
Mon Aug 10 15:15:50 2020:发送心跳
Mon Aug 10 15:16:00 2020:发送心跳
Mon Aug 10 15:16:10 2020:发送心跳
Mon Aug 10 15:16:20 2020:发送心跳
Mon Aug 10 15:16:30 2020:发送心跳
Mon Aug 10 15:16:40 2020:发送心跳
Mon Aug 10 15:16:50 2020:发送心跳
Mon Aug 10 15:17:00 2020:发送心跳
Mon Aug 10 15:17:10 2020:发送心跳
Mon Aug 10 15:17:20 2020:发送心跳
Mon Aug 10 15:17:30 2020:发送心跳
Mon Aug 10 15:17:40 2020:发送心跳
Mon Aug 10 15:17:50 2020:发送心跳
Mon Aug 10 15:18:00 2020:发送心跳
Mon Aug 10 15:18:10 2020:发送心跳
Mon Aug 10 15:18:20 2020:发送心跳
Mon Aug 10 15:18:30 2020:发送心跳
Mon Aug 10 15:18:40 2020:发送心跳
Mon Aug 10 15:18:50 2020:发送心跳
Mon Aug 10 15:19:00 2020:发送心跳
Mon Aug 10 15:19:10 2020:发送心跳
Mon Aug 10 15:19:20 2020:发送心跳
Mon Aug 10 15:19:30 2020:发送心跳
Mon Aug 10 15:19:40 2020:发送心跳
Mon Aug 10 15:19:50 2020:发送心跳
Mon Aug 10 15:20:00 2020:发送心跳
Mon Aug 10 15:20:10 2020:发送心跳
Mon Aug 10 15:20:20 2020:发送心跳
Mon Aug 10 15:20:30 2020:发送心跳
Mon Aug 10 15:20:40 2020:发送心跳
Mon Aug 10 15:20:50 2020:发送心跳
Mon Aug 10 15:21:00 2020:发送心跳
Mon Aug 10 15:21:10 2020:发送心跳
Mon Aug 10 15:21:20 2020:发送心跳
Mon Aug 10 15:21:30 2020:发送心跳
Mon Aug 10 15:21:40 2020:发送心跳
Mon Aug 10 15:21:50 2020:发送心跳
Mon Aug 10 15:22:00 2020:发送心跳
Mon Aug 10 15:22:10 2020:发送心跳
Mon Aug 10 15:22:20 2020:发送心跳
Mon Aug 10 15:22:30 2020:发送心跳
Mon Aug 10 15:22:40 2020:发送心跳
Mon Aug 10 15:22:50 2020:发送心跳
Mon Aug 10 15:23:00 2020:发送心跳
Mon Aug 10 15:23:10 2020:发送心跳
Mon Aug 10 15:23:20 2020:发送心跳
Mon Aug 10 15:23:30 2020:发送心跳
Mon Aug 10 15:23:40 2020:发送心跳
Mon Aug 10 15:23:50 2020:发送心跳
Mon Aug 10 15:24:00 2020:发送心跳
Mon Aug 10 15:24:10 2020:发送心跳
Mon Aug 10 15:24:20 2020:发送心跳
Mon Aug 10 15:24:30 2020:发送心跳
Mon Aug 10 15:24:40 2020:发送心跳
Mon Aug 10 15:24:50 2020:发送心跳
Mon Aug 10 15:25:00 2020:发送心跳
Mon Aug 10 15:25:10 2020:发送心跳
Mon Aug 10 15:25:20 2020:发送心跳
Mon Aug 10 15:25:30 2020:发送心跳
Mon Aug 10 15:25:40 2020:发送心跳
Mon Aug 10 15:25:50 2020:发送心跳
Mon Aug 10 15:26:00 2020:发送心跳
Mon Aug 10 15:26:10 2020:发送心跳
Mon Aug 10 15:26:20 2020:发送心跳
Mon Aug 10 15:26:30 2020:发送心跳
Mon Aug 10 15:26:40 2020:发送心跳
Mon Aug 10 15:26:50 2020:发送心跳
Mon Aug 10 15:27:00 2020:发送心跳
Mon Aug 10 15:27:10 2020:发送心跳
Mon Aug 10 15:27:20 2020:发送心跳
Mon Aug 10 15:27:30 2020:发送心跳
Mon Aug 10 15:27:40 2020:发送心跳
Mon Aug 10 15:27:50 2020:发送心跳
Mon Aug 10 15:28:00 2020:发送心跳
Mon Aug 10 15:28:10 2020:发送心跳
Mon Aug 10 15:28:20 2020:发送心跳
Mon Aug 10 15:28:30 2020:发送心跳
Mon Aug 10 15:28:40 2020:发送心跳
Mon Aug 10 15:28:50 2020:发送心跳
Mon Aug 10 15:29:00 2020:发送心跳
Mon Aug 10 15:29:10 2020:发送心跳
Mon Aug 10 15:29:20 2020:发送心跳
Mon Aug 10 15:29:30 2020:发送心跳
Mon Aug 10 15:29:40 2020:发送心跳
Mon Aug 10 15:29:50 2020:发送心跳
Mon Aug 10 15:30:00 2020:发送心跳
Mon Aug 10 15:30:10 2020:发送心跳
Mon Aug 10 15:30:20 2020:发送心跳
Mon Aug 10 15:30:30 2020:发送心跳
Mon Aug 10 15:30:40 2020:发送心跳
Mon Aug 10 15:30:50 2020:发送心跳
Mon Aug 10 15:31:00 2020:发送心跳
Mon Aug 10 15:31:10 2020:发送心跳
Mon Aug 10 15:31:20 2020:发送心跳
Mon Aug 10 15:31:30 2020:发送心跳
Mon Aug 10 15:31:40 2020:发送心跳
Mon Aug 10 15:31:50 2020:发送心跳
Mon Aug 10 15:32:00 2020:发送心跳
Mon Aug 10 15:32:10 2020:发送心跳
Mon Aug 10 15:32:20 2020:发送心跳
Mon Aug 10 15:32:30 2020:发送心跳
Mon Aug 10 15:32:40 2020:发送心跳
Mon Aug 10 15:32:50 2020:发送心跳
Mon Aug 10 15:33:00 2020:发送心跳
Mon Aug 10 15:33:10 2020:发送心跳
Mon Aug 10 15:33:20 2020:发送心跳
Mon Aug 10 15:33:30 2020:发送心跳
Mon Aug 10 15:33:40 2020:发送心跳
Mon Aug 10 15:33:50 2020:发送心跳
Mon Aug 10 15:34:00 2020:发送心跳
Mon Aug 10 15:34:10 2020:发送心跳
Mon Aug 10 15:34:20 2020:发送心跳
Mon Aug 10 15:34:30 2020:发送心跳
Mon Aug 10 15:34:40 2020:发送心跳
Mon Aug 10 15:34:50 2020:发送心跳
Mon Aug 10 15:35:00 2020:发送心跳
Mon Aug 10 15:35:10 2020:发送心跳
Mon Aug 10 15:35:20 2020:发送心跳
Mon Aug 10 15:35:30 2020:发送心跳
Mon Aug 10 15:35:40 2020:发送心跳
Mon Aug 10 15:35:50 2020:发送心跳
Mon Aug 10 15:36:00 2020:发送心跳
Mon Aug 10 15:36:10 2020:发送心跳
Mon Aug 10 15:36:20 2020:发送心跳
Mon Aug 10 15:36:30 2020:发送心跳
Mon Aug 10 15:36:40 2020:发送心跳
Mon Aug 10 15:36:50 2020:发送心跳
Mon Aug 10 15:37:00 2020:发送心跳
Mon Aug 10 15:37:10 2020:发送心跳
Mon Aug 10 15:37:20 2020:发送心跳
Mon Aug 10 15:37:30 2020:发送心跳
Mon Aug 10 15:37:40 2020:发送心跳
Mon Aug 10 15:37:50 2020:发送心跳
Mon Aug 10 15:38:00 2020:发送心跳
Mon Aug 10 15:38:10 2020:发送心跳
Mon Aug 10 15:38:20 2020:发送心跳
Mon Aug 10 15:38:30 2020:发送心跳
Mon Aug 10 15:38:40 2020:发送心跳
Mon Aug 10 15:38:50 2020:发送心跳
Mon Aug 10 15:39:00 2020:发送心跳
Mon Aug 10 15:39:10 2020:发送心跳
Mon Aug 10 15:39:20 2020:发送心跳
Mon Aug 10 15:39:30 2020:发送心跳
Mon Aug 10 15:39:40 2020:发送心跳
Mon Aug 10 15:39:50 2020:发送心跳
Mon Aug 10 15:40:00 2020:发送心跳
Mon Aug 10 15:40:10 2020:发送心跳
Mon Aug 10 15:40:20 2020:发送心跳
Mon Aug 10 15:40:30 2020:发送心跳
Mon Aug 10 15:40:40 2020:发送心跳
Mon Aug 10 15:40:50 2020:发送心跳
Mon Aug 10 15:41:00 2020:发送心跳
Mon Aug 10 15:41:10 2020:发送心跳
Mon Aug 10 15:41:20 2020:发送心跳
Mon Aug 10 15:41:30 2020:发送心跳
Mon Aug 10 15:41:40 2020:发送心跳
Mon Aug 10 15:41:50 2020:发送心跳
Mon Aug 10 15:50:38 2020:登录发送
Mon Aug 10 15:51:08 2020:登录发送
Mon Aug 10 15:53:20 2020:登录发送
Mon Aug 10 15:56:50 2020:登录发送
Mon Aug 10 15:56:58 2020:登录发送
Tue Aug 11 11:38:57 2020:登录发送
Tue Aug 11 11:39:07 2020:发送心跳
Tue Aug 11 11:39:17 2020:发送心跳
Tue Aug 11 11:39:27 2020:发送心跳
Tue Aug 11 11:39:37 2020:发送心跳
Tue Aug 11 11:39:47 2020:发送心跳
Tue Aug 11 11:39:57 2020:发送心跳
Tue Aug 11 11:40:07 2020:发送心跳
Tue Aug 11 11:40:17 2020:发送心跳
Tue Aug 11 11:40:27 2020:发送心跳
Tue Aug 11 11:40:37 2020:发送心跳
Tue Aug 11 11:40:47 2020:发送心跳
Tue Aug 11 11:40:57 2020:发送心跳
Tue Aug 11 11:41:07 2020:发送心跳
Tue Aug 11 11:41:17 2020:发送心跳
Tue Aug 11 11:41:27 2020:发送心跳
Tue Aug 11 11:41:37 2020:发送心跳
Tue Aug 11 11:41:47 2020:发送心跳
Tue Aug 11 11:41:57 2020:发送心跳
Tue Aug 11 11:42:07 2020:发送心跳
Tue Aug 11 11:42:17 2020:发送心跳
Tue Aug 11 11:42:27 2020:发送心跳
Tue Aug 11 11:42:37 2020:发送心跳
Tue Aug 11 11:42:47 2020:发送心跳
Tue Aug 11 11:42:57 2020:发送心跳
Tue Aug 11 11:43:07 2020:发送心跳
Tue Aug 11 11:43:17 2020:发送心跳
Tue Aug 11 11:43:27 2020:发送心跳
Tue Aug 11 11:43:37 2020:发送心跳
Tue Aug 11 11:43:47 2020:发送心跳
Tue Aug 11 11:43:57 2020:发送心跳
Tue Aug 11 11:44:07 2020:发送心跳
Tue Aug 11 11:44:17 2020:发送心跳
Tue Aug 11 11:44:27 2020:发送心跳
Tue Aug 11 11:44:37 2020:发送心跳
Tue Aug 11 11:44:47 2020:发送心跳
Tue Aug 11 11:44:57 2020:发送心跳
Tue Aug 11 11:45:07 2020:发送心跳
Tue Aug 11 11:45:17 2020:发送心跳
Tue Aug 11 11:45:27 2020:发送心跳
Tue Aug 11 11:45:37 2020:发送心跳
Tue Aug 11 11:45:47 2020:发送心跳
Tue Aug 11 11:45:57 2020:发送心跳
Tue Aug 11 11:46:07 2020:发送心跳
Tue Aug 11 11:46:17 2020:发送心跳
Tue Aug 11 11:46:27 2020:发送心跳
Tue Aug 11 11:46:37 2020:发送心跳
Tue Aug 11 11:46:47 2020:发送心跳
Tue Aug 11 11:46:57 2020:发送心跳
Tue Aug 11 11:47:07 2020:发送心跳
Tue Aug 11 11:47:17 2020:发送心跳
Tue Aug 11 11:47:27 2020:发送心跳
Tue Aug 11 11:47:37 2020:发送心跳
Tue Aug 11 11:47:47 2020:发送心跳
Tue Aug 11 11:47:57 2020:发送心跳
Tue Aug 11 11:48:07 2020:发送心跳
Tue Aug 11 11:48:17 2020:发送心跳
Tue Aug 11 11:48:27 2020:发送心跳
Tue Aug 11 11:48:37 2020:发送心跳
Tue Aug 11 11:48:47 2020:发送心跳
Tue Aug 11 11:48:57 2020:发送心跳
Tue Aug 11 11:49:07 2020:发送心跳
Tue Aug 11 11:49:17 2020:发送心跳
Tue Aug 11 11:49:27 2020:发送心跳
Tue Aug 11 11:49:37 2020:发送心跳
Tue Aug 11 11:49:47 2020:发送心跳
Tue Aug 11 11:49:57 2020:发送心跳
Tue Aug 11 11:50:07 2020:发送心跳
Tue Aug 11 11:50:17 2020:发送心跳
Tue Aug 11 11:50:27 2020:发送心跳
Tue Aug 11 11:50:37 2020:发送心跳
Tue Aug 11 11:50:47 2020:发送心跳
Tue Aug 11 11:50:57 2020:发送心跳
Tue Aug 11 11:51:07 2020:发送心跳
Tue Aug 11 11:51:17 2020:发送心跳
Tue Aug 11 11:51:27 2020:发送心跳
Tue Aug 11 11:51:37 2020:发送心跳
Tue Aug 11 11:51:47 2020:发送心跳
Tue Aug 11 11:51:57 2020:发送心跳
Tue Aug 11 11:52:07 2020:发送心跳
Tue Aug 11 11:52:17 2020:发送心跳
Tue Aug 11 11:52:27 2020:发送心跳
Tue Aug 11 11:52:37 2020:发送心跳
Tue Aug 11 11:52:47 2020:发送心跳
Tue Aug 11 11:52:57 2020:发送心跳
Tue Aug 11 11:53:07 2020:发送心跳
Tue Aug 11 11:53:17 2020:发送心跳
Tue Aug 11 11:53:27 2020:发送心跳
Tue Aug 11 11:53:37 2020:发送心跳
Tue Aug 11 11:53:47 2020:发送心跳
Tue Aug 11 11:53:57 2020:发送心跳
Tue Aug 11 11:54:07 2020:发送心跳
Tue Aug 11 11:54:17 2020:发送心跳
Tue Aug 11 11:54:27 2020:发送心跳
Tue Aug 11 11:54:37 2020:发送心跳
Tue Aug 11 11:54:47 2020:发送心跳
Tue Aug 11 11:54:57 2020:发送心跳
Tue Aug 11 11:55:07 2020:发送心跳
Tue Aug 11 11:55:17 2020:发送心跳
Tue Aug 11 11:55:27 2020:发送心跳
Tue Aug 11 11:55:37 2020:发送心跳
Tue Aug 11 11:55:47 2020:发送心跳
Tue Aug 11 11:55:57 2020:发送心跳
Tue Aug 11 11:56:07 2020:发送心跳
Tue Aug 11 11:56:17 2020:发送心跳
Tue Aug 11 11:56:27 2020:发送心跳
Tue Aug 11 11:56:37 2020:发送心跳
Tue Aug 11 11:56:47 2020:发送心跳
Tue Aug 11 11:56:57 2020:发送心跳
Tue Aug 11 11:57:07 2020:发送心跳
Tue Aug 11 11:57:17 2020:发送心跳
Tue Aug 11 11:57:27 2020:发送心跳
Tue Aug 11 11:57:37 2020:发送心跳
Tue Aug 11 11:57:47 2020:发送心跳
Tue Aug 11 11:57:57 2020:发送心跳
Tue Aug 11 11:58:07 2020:发送心跳
Tue Aug 11 11:58:17 2020:发送心跳
Tue Aug 11 11:58:27 2020:发送心跳
Tue Aug 11 11:58:37 2020:发送心跳
Tue Aug 11 11:58:47 2020:发送心跳
Tue Aug 11 11:58:57 2020:发送心跳
Tue Aug 11 11:59:07 2020:发送心跳
Tue Aug 11 11:59:17 2020:发送心跳
Tue Aug 11 11:59:27 2020:发送心跳
Tue Aug 11 11:59:37 2020:发送心跳
Tue Aug 11 11:59:47 2020:发送心跳
Tue Aug 11 11:59:57 2020:发送心跳
Tue Aug 11 12:00:07 2020:发送心跳
Tue Aug 11 12:00:17 2020:发送心跳
Tue Aug 11 12:00:27 2020:发送心跳
Tue Aug 11 12:00:37 2020:发送心跳
Tue Aug 11 12:00:47 2020:发送心跳
Tue Aug 11 12:00:57 2020:发送心跳
Tue Aug 11 12:01:07 2020:发送心跳
Tue Aug 11 12:01:17 2020:发送心跳
Tue Aug 11 12:01:27 2020:发送心跳
Tue Aug 11 12:01:37 2020:发送心跳
Tue Aug 11 12:01:47 2020:发送心跳
Tue Aug 11 12:01:57 2020:发送心跳
Tue Aug 11 12:02:07 2020:发送心跳
Tue Aug 11 12:02:17 2020:发送心跳
Tue Aug 11 12:02:27 2020:发送心跳
Tue Aug 11 12:02:37 2020:发送心跳
Tue Aug 11 12:02:47 2020:发送心跳
Tue Aug 11 12:02:57 2020:发送心跳
Tue Aug 11 12:03:07 2020:发送心跳
Tue Aug 11 12:03:17 2020:发送心跳
Tue Aug 11 12:03:27 2020:发送心跳
Tue Aug 11 12:03:37 2020:发送心跳
Tue Aug 11 12:03:47 2020:发送心跳
Tue Aug 11 12:03:57 2020:发送心跳
Tue Aug 11 12:04:07 2020:发送心跳
Tue Aug 11 12:04:17 2020:发送心跳
Tue Aug 11 12:04:27 2020:发送心跳
Tue Aug 11 12:04:37 2020:发送心跳
Tue Aug 11 12:04:47 2020:发送心跳
Tue Aug 11 12:04:57 2020:发送心跳
Tue Aug 11 12:05:07 2020:发送心跳
Tue Aug 11 12:05:17 2020:发送心跳
Tue Aug 11 12:05:27 2020:发送心跳
Tue Aug 11 12:05:37 2020:发送心跳
Tue Aug 11 12:05:47 2020:发送心跳
Tue Aug 11 12:05:57 2020:发送心跳
Tue Aug 11 12:06:07 2020:发送心跳
Tue Aug 11 12:06:17 2020:发送心跳
Tue Aug 11 12:06:27 2020:发送心跳
Tue Aug 11 12:06:37 2020:发送心跳
Tue Aug 11 12:06:47 2020:发送心跳
Tue Aug 11 12:06:57 2020:发送心跳
Tue Aug 11 12:07:07 2020:发送心跳
Tue Aug 11 12:07:17 2020:发送心跳
Tue Aug 11 12:07:27 2020:发送心跳
Tue Aug 11 12:07:37 2020:发送心跳
Tue Aug 11 12:07:47 2020:发送心跳
Tue Aug 11 12:07:57 2020:发送心跳
Tue Aug 11 12:08:07 2020:发送心跳
Tue Aug 11 12:08:17 2020:发送心跳
Tue Aug 11 12:08:27 2020:发送心跳
Tue Aug 11 12:08:37 2020:发送心跳
Tue Aug 11 12:08:47 2020:发送心跳
Tue Aug 11 12:08:57 2020:发送心跳
Tue Aug 11 12:09:07 2020:发送心跳
Tue Aug 11 12:09:17 2020:发送心跳
Tue Aug 11 12:09:27 2020:发送心跳
Tue Aug 11 12:09:37 2020:发送心跳
Tue Aug 11 12:09:47 2020:发送心跳
Tue Aug 11 12:09:57 2020:发送心跳
Tue Aug 11 12:10:07 2020:发送心跳
Tue Aug 11 12:10:17 2020:发送心跳
Tue Aug 11 12:10:27 2020:发送心跳
Tue Aug 11 12:10:37 2020:发送心跳
Tue Aug 11 12:10:47 2020:发送心跳
Tue Aug 11 12:10:57 2020:发送心跳
Tue Aug 11 12:11:07 2020:发送心跳
Tue Aug 11 12:11:17 2020:发送心跳
Tue Aug 11 12:11:27 2020:发送心跳
Tue Aug 11 12:11:37 2020:发送心跳
Tue Aug 11 12:11:47 2020:发送心跳
Tue Aug 11 12:11:57 2020:发送心跳
Tue Aug 11 12:12:07 2020:发送心跳
Tue Aug 11 12:12:17 2020:发送心跳
Tue Aug 11 12:12:27 2020:发送心跳
Tue Aug 11 12:12:37 2020:发送心跳
Tue Aug 11 12:12:47 2020:发送心跳
Tue Aug 11 12:12:57 2020:发送心跳
Tue Aug 11 12:13:07 2020:发送心跳
Tue Aug 11 12:13:17 2020:发送心跳
Tue Aug 11 12:13:27 2020:发送心跳
Tue Aug 11 12:13:37 2020:发送心跳
Tue Aug 11 12:13:47 2020:发送心跳
Tue Aug 11 12:13:57 2020:发送心跳
Tue Aug 11 12:14:07 2020:发送心跳
Tue Aug 11 12:14:17 2020:发送心跳
Tue Aug 11 12:14:27 2020:发送心跳
Tue Aug 11 12:14:37 2020:发送心跳
Tue Aug 11 12:14:47 2020:发送心跳
Tue Aug 11 12:14:57 2020:发送心跳
Tue Aug 11 12:15:07 2020:发送心跳
Tue Aug 11 12:15:17 2020:发送心跳
Tue Aug 11 12:15:27 2020:发送心跳
Tue Aug 11 12:15:37 2020:发送心跳
Tue Aug 11 12:15:47 2020:发送心跳
Tue Aug 11 12:15:57 2020:发送心跳
Tue Aug 11 12:16:07 2020:发送心跳
Tue Aug 11 12:16:17 2020:发送心跳
Tue Aug 11 12:16:27 2020:发送心跳
Tue Aug 11 12:16:37 2020:发送心跳
Tue Aug 11 12:16:47 2020:发送心跳
Tue Aug 11 12:16:57 2020:发送心跳
Tue Aug 11 12:17:07 2020:发送心跳
Tue Aug 11 12:17:17 2020:发送心跳
Tue Aug 11 12:17:27 2020:发送心跳
Tue Aug 11 12:17:37 2020:发送心跳
Tue Aug 11 12:17:47 2020:发送心跳
Tue Aug 11 12:17:57 2020:发送心跳
Tue Aug 11 12:18:07 2020:发送心跳
Tue Aug 11 12:18:17 2020:发送心跳
Tue Aug 11 12:18:27 2020:发送心跳
Tue Aug 11 12:18:37 2020:发送心跳
Tue Aug 11 12:18:47 2020:发送心跳
Tue Aug 11 12:18:57 2020:发送心跳
Tue Aug 11 12:19:07 2020:发送心跳
Tue Aug 11 12:19:17 2020:发送心跳
Tue Aug 11 12:19:27 2020:发送心跳
Tue Aug 11 12:19:37 2020:发送心跳
Tue Aug 11 12:19:47 2020:发送心跳
Tue Aug 11 12:19:57 2020:发送心跳
Tue Aug 11 12:20:07 2020:发送心跳
Tue Aug 11 12:20:17 2020:发送心跳
Tue Aug 11 12:20:27 2020:发送心跳
Tue Aug 11 12:20:37 2020:发送心跳
Tue Aug 11 12:20:47 2020:发送心跳
Tue Aug 11 12:20:57 2020:发送心跳
Tue Aug 11 12:21:07 2020:发送心跳
Tue Aug 11 12:21:17 2020:发送心跳
Tue Aug 11 12:21:27 2020:发送心跳
Tue Aug 11 12:21:37 2020:发送心跳
Tue Aug 11 12:21:47 2020:发送心跳
Tue Aug 11 12:21:57 2020:发送心跳
Tue Aug 11 12:22:07 2020:发送心跳
Tue Aug 11 12:22:17 2020:发送心跳
Tue Aug 11 12:22:27 2020:发送心跳
Tue Aug 11 12:22:37 2020:发送心跳
Tue Aug 11 12:22:47 2020:发送心跳
Tue Aug 11 12:22:57 2020:发送心跳
Tue Aug 11 12:23:07 2020:发送心跳
Tue Aug 11 12:23:17 2020:发送心跳
Tue Aug 11 12:23:27 2020:发送心跳
Tue Aug 11 12:23:37 2020:发送心跳
Tue Aug 11 12:23:47 2020:发送心跳
Tue Aug 11 12:23:57 2020:发送心跳
Tue Aug 11 12:24:07 2020:发送心跳
Tue Aug 11 12:24:17 2020:发送心跳
Tue Aug 11 12:24:27 2020:发送心跳
Tue Aug 11 12:24:37 2020:发送心跳
Tue Aug 11 12:24:47 2020:发送心跳
Tue Aug 11 12:24:57 2020:发送心跳
Tue Aug 11 12:25:07 2020:发送心跳
Tue Aug 11 12:25:17 2020:发送心跳
Tue Aug 11 12:25:27 2020:发送心跳
Tue Aug 11 12:25:37 2020:发送心跳
Tue Aug 11 12:25:47 2020:发送心跳
Tue Aug 11 12:25:57 2020:发送心跳
Tue Aug 11 12:26:07 2020:发送心跳
Tue Aug 11 12:26:17 2020:发送心跳
Tue Aug 11 12:26:27 2020:发送心跳
Tue Aug 11 12:26:37 2020:发送心跳
Tue Aug 11 12:26:47 2020:发送心跳
Tue Aug 11 12:26:57 2020:发送心跳
Tue Aug 11 12:27:07 2020:发送心跳
Tue Aug 11 12:27:17 2020:发送心跳
Tue Aug 11 12:27:27 2020:发送心跳
Tue Aug 11 12:27:37 2020:发送心跳
Tue Aug 11 12:27:47 2020:发送心跳
Tue Aug 11 12:27:57 2020:发送心跳
Tue Aug 11 12:28:07 2020:发送心跳
Tue Aug 11 12:28:17 2020:发送心跳
Tue Aug 11 12:28:27 2020:发送心跳
Tue Aug 11 12:28:37 2020:发送心跳
Tue Aug 11 12:28:47 2020:发送心跳
Tue Aug 11 12:28:57 2020:发送心跳
Tue Aug 11 12:29:07 2020:发送心跳
Tue Aug 11 12:29:17 2020:发送心跳
Tue Aug 11 12:29:27 2020:发送心跳
Tue Aug 11 12:29:37 2020:发送心跳
Tue Aug 11 12:29:47 2020:发送心跳
Tue Aug 11 12:29:57 2020:发送心跳
Tue Aug 11 12:30:07 2020:发送心跳
Tue Aug 11 12:30:17 2020:发送心跳
Tue Aug 11 12:30:27 2020:发送心跳
Tue Aug 11 12:30:37 2020:发送心跳
Tue Aug 11 12:30:47 2020:发送心跳
Tue Aug 11 12:30:57 2020:发送心跳
Tue Aug 11 12:31:07 2020:发送心跳
Tue Aug 11 12:31:17 2020:发送心跳
Tue Aug 11 12:31:27 2020:发送心跳
Tue Aug 11 12:31:37 2020:发送心跳
Tue Aug 11 12:31:47 2020:发送心跳
Tue Aug 11 12:31:57 2020:发送心跳
Tue Aug 11 12:32:07 2020:发送心跳
Tue Aug 11 12:32:17 2020:发送心跳
Tue Aug 11 12:32:27 2020:发送心跳
Tue Aug 11 12:32:37 2020:发送心跳
Tue Aug 11 12:32:47 2020:发送心跳
Tue Aug 11 12:32:57 2020:发送心跳
Tue Aug 11 12:33:07 2020:发送心跳
Tue Aug 11 12:33:17 2020:发送心跳
Tue Aug 11 12:33:27 2020:发送心跳
Tue Aug 11 12:33:37 2020:发送心跳
Tue Aug 11 12:33:47 2020:发送心跳
Tue Aug 11 12:33:57 2020:发送心跳
Tue Aug 11 12:34:07 2020:发送心跳
Tue Aug 11 12:34:17 2020:发送心跳
Tue Aug 11 12:34:27 2020:发送心跳
Tue Aug 11 12:34:37 2020:发送心跳
Tue Aug 11 12:34:47 2020:发送心跳
Tue Aug 11 12:34:57 2020:发送心跳
Tue Aug 11 12:35:07 2020:发送心跳
Tue Aug 11 12:35:17 2020:发送心跳
Tue Aug 11 12:35:27 2020:发送心跳
Tue Aug 11 12:35:37 2020:发送心跳
Tue Aug 11 12:35:47 2020:发送心跳
Tue Aug 11 12:35:57 2020:发送心跳
Tue Aug 11 12:36:07 2020:发送心跳
Tue Aug 11 12:36:17 2020:发送心跳
Tue Aug 11 12:36:27 2020:发送心跳
Tue Aug 11 12:36:37 2020:发送心跳
Tue Aug 11 12:36:47 2020:发送心跳
Tue Aug 11 12:36:57 2020:发送心跳
Tue Aug 11 12:37:07 2020:发送心跳
Tue Aug 11 12:37:17 2020:发送心跳
Tue Aug 11 12:37:27 2020:发送心跳
Tue Aug 11 12:37:37 2020:发送心跳
Tue Aug 11 12:37:47 2020:发送心跳
Tue Aug 11 12:37:57 2020:发送心跳
Tue Aug 11 12:38:07 2020:发送心跳
Tue Aug 11 12:38:17 2020:发送心跳
Tue Aug 11 12:38:27 2020:发送心跳
Tue Aug 11 12:38:37 2020:发送心跳
Tue Aug 11 12:38:47 2020:发送心跳
Tue Aug 11 12:38:57 2020:发送心跳
Tue Aug 11 12:39:07 2020:发送心跳
Tue Aug 11 12:39:17 2020:发送心跳
Tue Aug 11 12:39:27 2020:发送心跳
Tue Aug 11 12:39:37 2020:发送心跳
Tue Aug 11 12:39:47 2020:发送心跳
Tue Aug 11 12:39:57 2020:发送心跳
Tue Aug 11 12:40:07 2020:发送心跳
Tue Aug 11 12:40:17 2020:发送心跳
Tue Aug 11 12:40:27 2020:发送心跳
Tue Aug 11 12:40:37 2020:发送心跳
Tue Aug 11 12:40:47 2020:发送心跳
Tue Aug 11 12:40:57 2020:发送心跳
Tue Aug 11 12:41:07 2020:发送心跳
Tue Aug 11 12:41:17 2020:发送心跳
Tue Aug 11 12:41:27 2020:发送心跳
Tue Aug 11 12:41:37 2020:发送心跳
Tue Aug 11 12:41:47 2020:发送心跳
Tue Aug 11 12:41:57 2020:发送心跳
Tue Aug 11 12:42:07 2020:发送心跳
Tue Aug 11 12:42:17 2020:发送心跳
Tue Aug 11 12:42:27 2020:发送心跳
Tue Aug 11 12:42:37 2020:发送心跳
Tue Aug 11 12:42:47 2020:发送心跳
Tue Aug 11 12:42:57 2020:发送心跳
Tue Aug 11 12:43:07 2020:发送心跳
Tue Aug 11 12:43:17 2020:发送心跳
Tue Aug 11 12:43:27 2020:发送心跳
Tue Aug 11 12:43:37 2020:发送心跳
Tue Aug 11 12:43:47 2020:发送心跳
Tue Aug 11 12:43:57 2020:发送心跳
Tue Aug 11 12:44:07 2020:发送心跳
Tue Aug 11 12:44:17 2020:发送心跳
Tue Aug 11 12:44:27 2020:发送心跳
Tue Aug 11 12:44:37 2020:发送心跳
Tue Aug 11 12:44:47 2020:发送心跳
Tue Aug 11 12:44:57 2020:发送心跳
Tue Aug 11 12:45:07 2020:发送心跳
Tue Aug 11 12:45:17 2020:发送心跳
Tue Aug 11 12:45:27 2020:发送心跳
Tue Aug 11 12:45:37 2020:发送心跳
Tue Aug 11 12:45:47 2020:发送心跳
Tue Aug 11 12:45:57 2020:发送心跳
Tue Aug 11 12:46:07 2020:发送心跳
Tue Aug 11 12:46:17 2020:发送心跳
Tue Aug 11 12:46:27 2020:发送心跳
Tue Aug 11 12:46:37 2020:发送心跳
Tue Aug 11 12:46:47 2020:发送心跳
Tue Aug 11 12:46:57 2020:发送心跳
Tue Aug 11 12:47:07 2020:发送心跳
Tue Aug 11 12:47:17 2020:发送心跳
Tue Aug 11 12:47:27 2020:发送心跳
Tue Aug 11 12:47:37 2020:发送心跳
Tue Aug 11 12:47:47 2020:发送心跳
Tue Aug 11 12:47:57 2020:发送心跳
Tue Aug 11 12:48:07 2020:发送心跳
Tue Aug 11 12:48:17 2020:发送心跳
Tue Aug 11 12:48:27 2020:发送心跳
Tue Aug 11 12:48:37 2020:发送心跳
Tue Aug 11 12:48:47 2020:发送心跳
Tue Aug 11 12:48:57 2020:发送心跳
Tue Aug 11 12:49:07 2020:发送心跳
Tue Aug 11 12:49:17 2020:发送心跳
Tue Aug 11 12:49:27 2020:发送心跳
Tue Aug 11 12:49:37 2020:发送心跳
Tue Aug 11 12:49:47 2020:发送心跳
Tue Aug 11 12:49:57 2020:发送心跳
Tue Aug 11 12:50:07 2020:发送心跳
Tue Aug 11 12:50:17 2020:发送心跳
Tue Aug 11 12:50:27 2020:发送心跳
Tue Aug 11 12:50:37 2020:发送心跳
Tue Aug 11 12:50:47 2020:发送心跳
Tue Aug 11 12:50:57 2020:发送心跳
Tue Aug 11 12:51:07 2020:发送心跳
Tue Aug 11 12:51:17 2020:发送心跳
Tue Aug 11 12:51:27 2020:发送心跳
Tue Aug 11 12:51:37 2020:发送心跳
Tue Aug 11 12:51:47 2020:发送心跳
Tue Aug 11 12:51:57 2020:发送心跳
Tue Aug 11 12:52:07 2020:发送心跳
Tue Aug 11 12:52:17 2020:发送心跳
Tue Aug 11 12:52:27 2020:发送心跳
Tue Aug 11 12:52:37 2020:发送心跳
Tue Aug 11 12:52:47 2020:发送心跳
Tue Aug 11 12:52:57 2020:发送心跳
Tue Aug 11 12:53:07 2020:发送心跳
Tue Aug 11 12:53:17 2020:发送心跳
Tue Aug 11 12:53:27 2020:发送心跳
Tue Aug 11 12:53:37 2020:发送心跳
Tue Aug 11 12:53:47 2020:发送心跳
Tue Aug 11 12:53:57 2020:发送心跳
Tue Aug 11 12:54:07 2020:发送心跳
Tue Aug 11 12:54:17 2020:发送心跳
Tue Aug 11 12:54:27 2020:发送心跳
Tue Aug 11 12:54:37 2020:发送心跳
Tue Aug 11 12:54:47 2020:发送心跳
Tue Aug 11 12:54:57 2020:发送心跳
Tue Aug 11 12:55:07 2020:发送心跳
Tue Aug 11 12:55:17 2020:发送心跳
Tue Aug 11 12:55:27 2020:发送心跳
Tue Aug 11 12:55:37 2020:发送心跳
Tue Aug 11 12:55:47 2020:发送心跳
Tue Aug 11 12:55:57 2020:发送心跳
Tue Aug 11 12:56:07 2020:发送心跳
Tue Aug 11 12:56:17 2020:发送心跳
Tue Aug 11 12:56:27 2020:发送心跳
Tue Aug 11 12:56:37 2020:发送心跳
Tue Aug 11 12:56:47 2020:发送心跳
Tue Aug 11 12:56:57 2020:发送心跳
Tue Aug 11 12:57:07 2020:发送心跳
Tue Aug 11 12:57:17 2020:发送心跳
Tue Aug 11 12:57:27 2020:发送心跳
Tue Aug 11 12:57:37 2020:发送心跳
Tue Aug 11 12:57:47 2020:发送心跳
Tue Aug 11 12:57:57 2020:发送心跳
Tue Aug 11 12:58:07 2020:发送心跳
Tue Aug 11 12:58:17 2020:发送心跳
Tue Aug 11 12:58:27 2020:发送心跳
Tue Aug 11 12:58:37 2020:发送心跳
Tue Aug 11 12:58:47 2020:发送心跳
Tue Aug 11 12:58:57 2020:发送心跳
Tue Aug 11 12:59:07 2020:发送心跳
Tue Aug 11 12:59:17 2020:发送心跳
Tue Aug 11 12:59:27 2020:发送心跳
Tue Aug 11 12:59:37 2020:发送心跳
Tue Aug 11 12:59:47 2020:发送心跳
Tue Aug 11 12:59:57 2020:发送心跳
Tue Aug 11 13:00:07 2020:发送心跳
Tue Aug 11 13:00:17 2020:发送心跳
Tue Aug 11 13:00:27 2020:发送心跳
Tue Aug 11 13:00:37 2020:发送心跳
Tue Aug 11 13:00:47 2020:发送心跳
Tue Aug 11 13:00:57 2020:发送心跳
Tue Aug 11 13:01:07 2020:发送心跳
Tue Aug 11 13:01:17 2020:发送心跳
Tue Aug 11 13:01:27 2020:发送心跳
Tue Aug 11 13:01:37 2020:发送心跳
Tue Aug 11 13:01:47 2020:发送心跳
Tue Aug 11 13:01:57 2020:发送心跳
Tue Aug 11 13:02:07 2020:发送心跳
Tue Aug 11 13:02:17 2020:发送心跳
Tue Aug 11 13:02:27 2020:发送心跳
Tue Aug 11 13:02:37 2020:发送心跳
Tue Aug 11 13:02:47 2020:发送心跳
Tue Aug 11 13:02:57 2020:发送心跳
Tue Aug 11 13:03:07 2020:发送心跳
Tue Aug 11 13:03:17 2020:发送心跳
Tue Aug 11 13:03:27 2020:发送心跳
Tue Aug 11 13:03:37 2020:发送心跳
Tue Aug 11 13:03:47 2020:发送心跳
Tue Aug 11 13:03:57 2020:发送心跳
Tue Aug 11 13:04:07 2020:发送心跳
Tue Aug 11 13:04:17 2020:发送心跳
Tue Aug 11 13:04:27 2020:发送心跳
Tue Aug 11 13:04:37 2020:发送心跳
Tue Aug 11 13:04:47 2020:发送心跳
Tue Aug 11 13:04:57 2020:发送心跳
Tue Aug 11 13:05:07 2020:发送心跳
Tue Aug 11 13:05:17 2020:发送心跳
Tue Aug 11 13:05:27 2020:发送心跳
Tue Aug 11 13:05:37 2020:发送心跳
Tue Aug 11 13:05:47 2020:发送心跳
Tue Aug 11 13:05:57 2020:发送心跳
Tue Aug 11 13:06:07 2020:发送心跳
Tue Aug 11 13:06:17 2020:发送心跳
Tue Aug 11 13:06:27 2020:发送心跳
Tue Aug 11 13:06:37 2020:发送心跳
Tue Aug 11 13:06:47 2020:发送心跳
Tue Aug 11 13:06:57 2020:发送心跳
Tue Aug 11 13:07:07 2020:发送心跳
Tue Aug 11 13:07:17 2020:发送心跳
Tue Aug 11 13:07:27 2020:发送心跳
Tue Aug 11 13:07:37 2020:发送心跳
Tue Aug 11 13:07:47 2020:发送心跳
Tue Aug 11 13:07:57 2020:发送心跳
Tue Aug 11 13:08:07 2020:发送心跳
Tue Aug 11 13:08:17 2020:发送心跳
Tue Aug 11 13:08:27 2020:发送心跳
Tue Aug 11 13:08:37 2020:发送心跳
Tue Aug 11 13:08:47 2020:发送心跳
Tue Aug 11 13:08:57 2020:发送心跳
Tue Aug 11 13:09:07 2020:发送心跳
Tue Aug 11 13:09:17 2020:发送心跳
Tue Aug 11 13:09:27 2020:发送心跳
Tue Aug 11 13:09:37 2020:发送心跳
Tue Aug 11 13:09:47 2020:发送心跳
Tue Aug 11 13:09:57 2020:发送心跳
Tue Aug 11 13:10:07 2020:发送心跳
Tue Aug 11 13:10:17 2020:发送心跳
Tue Aug 11 13:10:27 2020:发送心跳
Tue Aug 11 13:10:37 2020:发送心跳
Tue Aug 11 13:10:47 2020:发送心跳
Tue Aug 11 13:10:57 2020:发送心跳
Tue Aug 11 13:11:07 2020:发送心跳
Tue Aug 11 13:11:17 2020:发送心跳
Tue Aug 11 13:11:27 2020:发送心跳
Tue Aug 11 13:11:37 2020:发送心跳
Tue Aug 11 13:11:47 2020:发送心跳
Tue Aug 11 13:11:57 2020:发送心跳
Tue Aug 11 13:12:07 2020:发送心跳
Tue Aug 11 13:12:17 2020:发送心跳
Tue Aug 11 13:12:27 2020:发送心跳
Tue Aug 11 13:12:37 2020:发送心跳
Tue Aug 11 13:12:47 2020:发送心跳
Tue Aug 11 13:12:57 2020:发送心跳
Tue Aug 11 13:13:07 2020:发送心跳
Tue Aug 11 13:13:17 2020:发送心跳
Tue Aug 11 13:13:27 2020:发送心跳
Tue Aug 11 13:13:37 2020:发送心跳
Tue Aug 11 13:13:47 2020:发送心跳
Tue Aug 11 13:13:57 2020:发送心跳
Tue Aug 11 13:14:07 2020:发送心跳
Tue Aug 11 13:14:17 2020:发送心跳
Tue Aug 11 13:14:27 2020:发送心跳
Tue Aug 11 13:14:37 2020:发送心跳
Tue Aug 11 13:14:47 2020:发送心跳
Tue Aug 11 13:14:57 2020:发送心跳
Tue Aug 11 13:15:07 2020:发送心跳
Tue Aug 11 13:15:17 2020:发送心跳
Tue Aug 11 13:15:27 2020:发送心跳
Tue Aug 11 13:15:37 2020:发送心跳
Tue Aug 11 13:15:47 2020:发送心跳
Tue Aug 11 13:15:57 2020:发送心跳
Tue Aug 11 13:16:07 2020:发送心跳
Tue Aug 11 13:16:17 2020:发送心跳
Tue Aug 11 13:16:27 2020:发送心跳
Tue Aug 11 13:16:37 2020:发送心跳
Tue Aug 11 13:16:47 2020:发送心跳
Tue Aug 11 13:16:57 2020:发送心跳
Tue Aug 11 13:17:07 2020:发送心跳
Tue Aug 11 13:17:17 2020:发送心跳
Tue Aug 11 13:17:27 2020:发送心跳
Tue Aug 11 13:17:37 2020:发送心跳
Tue Aug 11 13:17:47 2020:发送心跳
Tue Aug 11 13:17:57 2020:发送心跳
Tue Aug 11 13:18:07 2020:发送心跳
Tue Aug 11 13:18:17 2020:发送心跳
Tue Aug 11 13:18:27 2020:发送心跳
Tue Aug 11 13:18:37 2020:发送心跳
Tue Aug 11 13:18:47 2020:发送心跳
Tue Aug 11 13:18:57 2020:发送心跳
Tue Aug 11 13:19:07 2020:发送心跳
Tue Aug 11 13:19:17 2020:发送心跳
Tue Aug 11 13:19:27 2020:发送心跳
Tue Aug 11 13:19:37 2020:发送心跳
Tue Aug 11 13:19:47 2020:发送心跳
Tue Aug 11 13:19:57 2020:发送心跳
Tue Aug 11 13:20:07 2020:发送心跳
Tue Aug 11 13:20:17 2020:发送心跳
Tue Aug 11 13:20:27 2020:发送心跳
Tue Aug 11 13:20:37 2020:发送心跳
Tue Aug 11 13:20:47 2020:发送心跳
Tue Aug 11 13:20:57 2020:发送心跳
Tue Aug 11 13:21:07 2020:发送心跳
Tue Aug 11 13:21:17 2020:发送心跳
Tue Aug 11 13:21:27 2020:发送心跳
Tue Aug 11 13:21:37 2020:发送心跳
Tue Aug 11 13:21:47 2020:发送心跳
Tue Aug 11 13:21:57 2020:发送心跳
Tue Aug 11 13:22:07 2020:发送心跳
Tue Aug 11 13:22:17 2020:发送心跳
Tue Aug 11 13:22:27 2020:发送心跳
Tue Aug 11 13:22:37 2020:发送心跳
Tue Aug 11 13:22:47 2020:发送心跳
Tue Aug 11 13:22:57 2020:发送心跳
Tue Aug 11 13:23:07 2020:发送心跳
Tue Aug 11 13:23:17 2020:发送心跳
Tue Aug 11 13:23:27 2020:发送心跳
Tue Aug 11 13:23:37 2020:发送心跳
Tue Aug 11 13:23:47 2020:发送心跳
Tue Aug 11 13:23:57 2020:发送心跳
Tue Aug 11 13:24:07 2020:发送心跳
Tue Aug 11 13:24:17 2020:发送心跳
Tue Aug 11 13:24:27 2020:发送心跳
Tue Aug 11 13:24:37 2020:发送心跳
Tue Aug 11 13:24:47 2020:发送心跳
Tue Aug 11 13:24:57 2020:发送心跳
Tue Aug 11 13:25:07 2020:发送心跳
Tue Aug 11 13:25:17 2020:发送心跳
Tue Aug 11 13:25:27 2020:发送心跳
Tue Aug 11 13:25:37 2020:发送心跳
Tue Aug 11 13:25:47 2020:发送心跳
Tue Aug 11 13:25:57 2020:发送心跳
Tue Aug 11 13:26:07 2020:发送心跳
Tue Aug 11 13:26:17 2020:发送心跳
Tue Aug 11 13:26:27 2020:发送心跳
Tue Aug 11 13:26:37 2020:发送心跳
Tue Aug 11 13:26:47 2020:发送心跳
Tue Aug 11 13:26:57 2020:发送心跳
Tue Aug 11 13:27:07 2020:发送心跳
Tue Aug 11 13:27:17 2020:发送心跳
Tue Aug 11 13:27:27 2020:发送心跳
Tue Aug 11 13:27:37 2020:发送心跳
Tue Aug 11 13:27:47 2020:发送心跳
Tue Aug 11 13:27:57 2020:发送心跳
Tue Aug 11 13:28:07 2020:发送心跳
Tue Aug 11 13:28:17 2020:发送心跳
Tue Aug 11 13:28:27 2020:发送心跳
Tue Aug 11 13:28:37 2020:发送心跳
Tue Aug 11 13:28:47 2020:发送心跳
Tue Aug 11 13:28:57 2020:发送心跳
Tue Aug 11 13:29:07 2020:发送心跳
Tue Aug 11 13:29:17 2020:发送心跳
Tue Aug 11 13:29:27 2020:发送心跳
Tue Aug 11 13:29:37 2020:发送心跳
Tue Aug 11 13:29:47 2020:发送心跳
Tue Aug 11 13:29:57 2020:发送心跳
Tue Aug 11 13:30:07 2020:发送心跳
Tue Aug 11 13:30:17 2020:发送心跳
Tue Aug 11 13:30:27 2020:发送心跳
Tue Aug 11 13:30:37 2020:发送心跳
Tue Aug 11 13:30:47 2020:发送心跳
Tue Aug 11 13:30:57 2020:发送心跳
Tue Aug 11 13:31:07 2020:发送心跳
Tue Aug 11 13:31:17 2020:发送心跳
Tue Aug 11 13:31:27 2020:发送心跳
Tue Aug 11 13:31:37 2020:发送心跳
Tue Aug 11 13:31:47 2020:发送心跳
Tue Aug 11 13:31:57 2020:发送心跳
Tue Aug 11 13:32:07 2020:发送心跳
Tue Aug 11 13:32:17 2020:发送心跳
Tue Aug 11 13:32:27 2020:发送心跳
Tue Aug 11 13:32:37 2020:发送心跳
Tue Aug 11 13:32:47 2020:发送心跳
Tue Aug 11 13:32:57 2020:发送心跳
Tue Aug 11 13:33:07 2020:发送心跳
Tue Aug 11 13:33:17 2020:发送心跳
Tue Aug 11 13:33:27 2020:发送心跳
Tue Aug 11 13:33:37 2020:发送心跳
Tue Aug 11 13:33:47 2020:发送心跳
Tue Aug 11 13:33:57 2020:发送心跳
Tue Aug 11 13:34:07 2020:发送心跳
Tue Aug 11 13:34:17 2020:发送心跳
Tue Aug 11 13:34:27 2020:发送心跳
Tue Aug 11 13:34:37 2020:发送心跳
Tue Aug 11 13:34:47 2020:发送心跳
Tue Aug 11 13:34:57 2020:发送心跳
Tue Aug 11 13:35:07 2020:发送心跳
Tue Aug 11 13:35:17 2020:发送心跳
Tue Aug 11 13:35:27 2020:发送心跳
Tue Aug 11 13:35:37 2020:发送心跳
Tue Aug 11 13:35:47 2020:发送心跳
Tue Aug 11 13:35:57 2020:发送心跳
Tue Aug 11 13:36:07 2020:发送心跳
Tue Aug 11 13:36:17 2020:发送心跳
Tue Aug 11 13:36:27 2020:发送心跳
Tue Aug 11 13:36:37 2020:发送心跳
Tue Aug 11 13:36:47 2020:发送心跳
Tue Aug 11 13:36:57 2020:发送心跳
Tue Aug 11 13:37:07 2020:发送心跳
Tue Aug 11 13:37:17 2020:发送心跳
Tue Aug 11 13:37:27 2020:发送心跳
Tue Aug 11 13:37:37 2020:发送心跳
Tue Aug 11 13:37:47 2020:发送心跳
Tue Aug 11 13:37:57 2020:发送心跳
Tue Aug 11 13:38:07 2020:发送心跳
Tue Aug 11 13:38:17 2020:发送心跳
Tue Aug 11 13:38:27 2020:发送心跳
Tue Aug 11 13:38:37 2020:发送心跳
Tue Aug 11 13:38:47 2020:发送心跳
Tue Aug 11 13:38:57 2020:发送心跳
Tue Aug 11 13:39:07 2020:发送心跳
Tue Aug 11 13:39:17 2020:发送心跳
Tue Aug 11 13:39:27 2020:发送心跳
Tue Aug 11 13:39:37 2020:发送心跳
Tue Aug 11 13:39:47 2020:发送心跳
Tue Aug 11 13:39:57 2020:发送心跳
Tue Aug 11 13:40:07 2020:发送心跳
Tue Aug 11 13:40:17 2020:发送心跳
Tue Aug 11 13:40:27 2020:发送心跳
Tue Aug 11 13:40:37 2020:发送心跳
Tue Aug 11 13:40:47 2020:发送心跳
Tue Aug 11 13:40:57 2020:发送心跳
Tue Aug 11 13:41:07 2020:发送心跳
Tue Aug 11 13:41:17 2020:发送心跳
Tue Aug 11 13:41:27 2020:发送心跳
Tue Aug 11 13:41:37 2020:发送心跳
Tue Aug 11 13:41:47 2020:发送心跳
Tue Aug 11 13:41:57 2020:发送心跳
Tue Aug 11 13:42:07 2020:发送心跳
Tue Aug 11 13:42:17 2020:发送心跳
Tue Aug 11 13:42:27 2020:发送心跳
Tue Aug 11 13:42:37 2020:发送心跳
Tue Aug 11 13:42:47 2020:发送心跳
Tue Aug 11 13:42:57 2020:发送心跳
Tue Aug 11 13:43:07 2020:发送心跳
Tue Aug 11 13:43:17 2020:发送心跳
Tue Aug 11 13:43:27 2020:发送心跳
Tue Aug 11 13:43:37 2020:发送心跳
Tue Aug 11 13:43:47 2020:发送心跳
Tue Aug 11 13:43:57 2020:发送心跳
Tue Aug 11 13:44:07 2020:发送心跳
Tue Aug 11 13:44:17 2020:发送心跳
Tue Aug 11 13:44:27 2020:发送心跳
Tue Aug 11 13:44:37 2020:发送心跳
Tue Aug 11 13:44:49 2020:登录发送
Tue Aug 11 13:44:59 2020:发送心跳
Tue Aug 11 13:45:09 2020:发送心跳
Tue Aug 11 13:45:19 2020:发送心跳
Tue Aug 11 13:45:29 2020:发送心跳
Tue Aug 11 13:45:39 2020:发送心跳
Tue Aug 11 13:45:49 2020:发送心跳
Tue Aug 11 13:45:59 2020:发送心跳
Tue Aug 11 13:46:09 2020:发送心跳
Tue Aug 11 13:46:19 2020:发送心跳
Tue Aug 11 13:46:24 2020:登录发送
Tue Aug 11 13:46:34 2020:发送心跳
Tue Aug 11 13:46:44 2020:发送心跳
Tue Aug 11 13:46:54 2020:发送心跳
Tue Aug 11 13:47:04 2020:发送心跳
Tue Aug 11 13:47:14 2020:发送心跳
Tue Aug 11 13:47:24 2020:发送心跳
Tue Aug 11 13:47:34 2020:发送心跳
Tue Aug 11 13:47:44 2020:发送心跳
Tue Aug 11 13:47:54 2020:发送心跳
Tue Aug 11 13:48:04 2020:发送心跳
Tue Aug 11 13:48:14 2020:发送心跳
Tue Aug 11 13:48:24 2020:发送心跳
Tue Aug 11 13:48:34 2020:发送心跳
Tue Aug 11 13:48:44 2020:发送心跳
Tue Aug 11 13:48:55 2020:登录发送
Tue Aug 11 13:49:05 2020:发送心跳
Tue Aug 11 13:49:15 2020:发送心跳
Tue Aug 11 13:49:25 2020:发送心跳
Tue Aug 11 13:49:35 2020:发送心跳
Tue Aug 11 13:49:45 2020:发送心跳
Tue Aug 11 13:49:55 2020:发送心跳
Tue Aug 11 13:50:05 2020:发送心跳
Tue Aug 11 13:50:15 2020:发送心跳
Tue Aug 11 13:50:25 2020:发送心跳
Tue Aug 11 13:50:35 2020:发送心跳
Tue Aug 11 13:50:45 2020:发送心跳
Tue Aug 11 13:50:55 2020:发送心跳
Tue Aug 11 13:51:05 2020:发送心跳
Tue Aug 11 13:51:15 2020:发送心跳
Tue Aug 11 13:51:25 2020:发送心跳
Tue Aug 11 13:51:35 2020:发送心跳
Tue Aug 11 13:51:45 2020:发送心跳
Tue Aug 11 13:51:55 2020:发送心跳
Tue Aug 11 13:52:05 2020:发送心跳
Tue Aug 11 13:52:15 2020:发送心跳
Tue Aug 11 13:52:25 2020:发送心跳
Tue Aug 11 13:52:35 2020:发送心跳
Tue Aug 11 13:52:45 2020:发送心跳
Tue Aug 11 13:52:55 2020:发送心跳
Tue Aug 11 13:53:05 2020:发送心跳
Tue Aug 11 13:53:15 2020:发送心跳
Tue Aug 11 13:53:25 2020:发送心跳
Tue Aug 11 13:53:35 2020:发送心跳
Tue Aug 11 13:53:45 2020:发送心跳
Tue Aug 11 13:53:55 2020:发送心跳
Tue Aug 11 13:54:05 2020:发送心跳
Tue Aug 11 13:54:15 2020:发送心跳
Tue Aug 11 13:54:25 2020:发送心跳
Tue Aug 11 13:54:35 2020:发送心跳
Tue Aug 11 13:54:45 2020:发送心跳
Tue Aug 11 13:54:55 2020:发送心跳
Tue Aug 11 13:55:05 2020:发送心跳
Tue Aug 11 13:55:15 2020:发送心跳
Tue Aug 11 13:55:25 2020:发送心跳
Tue Aug 11 13:55:35 2020:发送心跳
Tue Aug 11 13:55:45 2020:发送心跳
Tue Aug 11 13:55:55 2020:发送心跳
Tue Aug 11 13:56:05 2020:发送心跳
Tue Aug 11 13:56:15 2020:发送心跳
Tue Aug 11 13:56:25 2020:发送心跳
Tue Aug 11 13:56:35 2020:发送心跳
Tue Aug 11 13:56:45 2020:发送心跳
Tue Aug 11 13:56:55 2020:发送心跳
Tue Aug 11 13:57:05 2020:发送心跳
Tue Aug 11 13:57:15 2020:发送心跳
Tue Aug 11 13:57:25 2020:发送心跳
Tue Aug 11 13:57:35 2020:发送心跳
Tue Aug 11 13:57:45 2020:发送心跳
Tue Aug 11 13:57:55 2020:发送心跳
Tue Aug 11 13:58:05 2020:发送心跳
Tue Aug 11 13:58:15 2020:发送心跳
Tue Aug 11 13:58:25 2020:发送心跳
Tue Aug 11 13:58:35 2020:发送心跳
Tue Aug 11 13:58:45 2020:发送心跳
Tue Aug 11 13:58:55 2020:发送心跳
Tue Aug 11 13:59:05 2020:发送心跳
Tue Aug 11 13:59:15 2020:发送心跳
Tue Aug 11 13:59:25 2020:发送心跳
Tue Aug 11 13:59:35 2020:发送心跳
Tue Aug 11 13:59:45 2020:发送心跳
Tue Aug 11 13:59:55 2020:发送心跳
Tue Aug 11 14:00:05 2020:发送心跳
Tue Aug 11 14:00:15 2020:发送心跳
Tue Aug 11 14:00:25 2020:发送心跳
Tue Aug 11 14:00:35 2020:发送心跳
Tue Aug 11 14:00:45 2020:发送心跳
Tue Aug 11 14:00:55 2020:发送心跳
Tue Aug 11 14:01:05 2020:发送心跳
Tue Aug 11 14:01:15 2020:发送心跳
Tue Aug 11 14:01:25 2020:发送心跳
Tue Aug 11 14:01:35 2020:发送心跳
Tue Aug 11 14:01:45 2020:发送心跳
Tue Aug 11 14:01:55 2020:发送心跳
Tue Aug 11 14:02:05 2020:发送心跳
Tue Aug 11 14:02:15 2020:发送心跳
Tue Aug 11 14:02:25 2020:发送心跳
Tue Aug 11 14:02:35 2020:发送心跳
Tue Aug 11 14:02:45 2020:发送心跳
Tue Aug 11 14:02:55 2020:发送心跳
Tue Aug 11 14:03:05 2020:发送心跳
Tue Aug 11 14:03:15 2020:发送心跳
Tue Aug 11 14:03:25 2020:发送心跳
Tue Aug 11 14:03:35 2020:发送心跳
Tue Aug 11 14:03:45 2020:发送心跳
Tue Aug 11 14:03:55 2020:发送心跳
Tue Aug 11 14:04:05 2020:发送心跳
Tue Aug 11 14:04:15 2020:发送心跳
Tue Aug 11 14:04:25 2020:发送心跳
Tue Aug 11 14:04:35 2020:发送心跳
Tue Aug 11 14:04:45 2020:发送心跳
Tue Aug 11 14:04:55 2020:发送心跳
Tue Aug 11 14:05:05 2020:发送心跳
Tue Aug 11 14:05:15 2020:发送心跳
Tue Aug 11 14:05:25 2020:发送心跳
Tue Aug 11 14:05:35 2020:发送心跳
Tue Aug 11 14:05:45 2020:发送心跳
Tue Aug 11 14:05:55 2020:发送心跳
Tue Aug 11 14:06:05 2020:发送心跳
Tue Aug 11 14:06:15 2020:发送心跳
Tue Aug 11 14:06:25 2020:发送心跳
Tue Aug 11 14:06:35 2020:发送心跳
Tue Aug 11 14:06:45 2020:发送心跳
Tue Aug 11 14:06:55 2020:发送心跳
Tue Aug 11 14:07:05 2020:发送心跳
Tue Aug 11 14:07:15 2020:发送心跳
Tue Aug 11 14:07:25 2020:发送心跳
Tue Aug 11 14:07:35 2020:发送心跳
Tue Aug 11 14:07:45 2020:发送心跳
Tue Aug 11 14:07:55 2020:发送心跳
Tue Aug 11 14:08:05 2020:发送心跳
Tue Aug 11 14:08:15 2020:发送心跳
Tue Aug 11 14:08:25 2020:发送心跳
Tue Aug 11 14:08:35 2020:发送心跳
Tue Aug 11 14:08:45 2020:发送心跳
Tue Aug 11 14:08:55 2020:发送心跳
Tue Aug 11 14:09:05 2020:发送心跳
Tue Aug 11 14:09:15 2020:发送心跳
Tue Aug 11 14:09:25 2020:发送心跳
Tue Aug 11 14:09:35 2020:发送心跳
Tue Aug 11 14:09:45 2020:发送心跳
Tue Aug 11 14:09:55 2020:发送心跳
Tue Aug 11 14:10:05 2020:发送心跳
Tue Aug 11 14:10:15 2020:发送心跳
Tue Aug 11 14:10:25 2020:发送心跳
Tue Aug 11 14:10:35 2020:发送心跳
Tue Aug 11 14:10:45 2020:发送心跳
Tue Aug 11 14:10:55 2020:发送心跳
Tue Aug 11 14:11:05 2020:发送心跳
Tue Aug 11 14:11:15 2020:发送心跳
Tue Aug 11 14:11:25 2020:发送心跳
Tue Aug 11 14:11:35 2020:发送心跳
Tue Aug 11 14:11:45 2020:发送心跳
Tue Aug 11 14:11:55 2020:发送心跳
Tue Aug 11 14:12:05 2020:发送心跳
Tue Aug 11 14:12:15 2020:发送心跳
Tue Aug 11 14:12:25 2020:发送心跳
Tue Aug 11 14:12:35 2020:发送心跳
Tue Aug 11 14:12:45 2020:发送心跳
Tue Aug 11 14:12:55 2020:发送心跳
Tue Aug 11 14:13:05 2020:发送心跳
Tue Aug 11 14:13:15 2020:发送心跳
Tue Aug 11 14:13:25 2020:发送心跳
Tue Aug 11 14:13:35 2020:发送心跳
Tue Aug 11 14:13:45 2020:发送心跳
Tue Aug 11 14:13:55 2020:发送心跳
Tue Aug 11 14:14:05 2020:发送心跳
Tue Aug 11 14:14:15 2020:发送心跳
Tue Aug 11 14:14:25 2020:发送心跳
Tue Aug 11 14:14:35 2020:发送心跳
Tue Aug 11 14:14:45 2020:发送心跳
Tue Aug 11 14:14:55 2020:发送心跳
Tue Aug 11 14:15:05 2020:发送心跳
Tue Aug 11 14:15:15 2020:发送心跳
Tue Aug 11 14:15:25 2020:发送心跳
Tue Aug 11 14:15:35 2020:发送心跳
Tue Aug 11 14:15:45 2020:发送心跳
Tue Aug 11 14:15:55 2020:发送心跳
Tue Aug 11 14:16:05 2020:发送心跳
Tue Aug 11 14:16:15 2020:发送心跳
Tue Aug 11 14:16:25 2020:发送心跳
Tue Aug 11 14:16:35 2020:发送心跳
Tue Aug 11 14:16:45 2020:发送心跳
Tue Aug 11 14:16:55 2020:发送心跳
Tue Aug 11 14:17:05 2020:发送心跳
Tue Aug 11 14:17:15 2020:发送心跳
Tue Aug 11 14:17:25 2020:发送心跳
Tue Aug 11 14:17:35 2020:发送心跳
Tue Aug 11 14:17:45 2020:发送心跳
Tue Aug 11 14:17:55 2020:发送心跳
Tue Aug 11 14:18:05 2020:发送心跳
Tue Aug 11 14:18:15 2020:发送心跳
Tue Aug 11 14:18:25 2020:发送心跳
Tue Aug 11 14:18:35 2020:发送心跳
Tue Aug 11 14:18:45 2020:发送心跳
Tue Aug 11 14:18:55 2020:发送心跳
Tue Aug 11 14:19:05 2020:发送心跳
Tue Aug 11 14:19:15 2020:发送心跳
Tue Aug 11 14:19:25 2020:发送心跳
Tue Aug 11 14:19:35 2020:发送心跳
Tue Aug 11 14:19:45 2020:发送心跳
Tue Aug 11 14:19:55 2020:发送心跳
Tue Aug 11 14:20:05 2020:发送心跳
Tue Aug 11 14:20:15 2020:发送心跳
Tue Aug 11 14:20:25 2020:发送心跳
Tue Aug 11 14:20:35 2020:发送心跳
Tue Aug 11 14:20:45 2020:发送心跳
Tue Aug 11 14:20:55 2020:发送心跳
Tue Aug 11 14:21:05 2020:发送心跳
Tue Aug 11 14:21:15 2020:发送心跳
Tue Aug 11 14:21:25 2020:发送心跳
Tue Aug 11 14:21:35 2020:发送心跳
Tue Aug 11 14:21:45 2020:发送心跳
Tue Aug 11 14:21:55 2020:发送心跳
Tue Aug 11 14:22:05 2020:发送心跳
Tue Aug 11 14:22:15 2020:发送心跳
Tue Aug 11 14:22:25 2020:发送心跳
Tue Aug 11 14:22:35 2020:发送心跳
Tue Aug 11 14:22:45 2020:发送心跳
Tue Aug 11 14:22:55 2020:发送心跳
Tue Aug 11 14:23:05 2020:发送心跳
Tue Aug 11 14:23:15 2020:发送心跳
Tue Aug 11 14:23:25 2020:发送心跳
Tue Aug 11 14:23:35 2020:发送心跳
Tue Aug 11 14:23:45 2020:发送心跳
Tue Aug 11 14:23:55 2020:发送心跳
Tue Aug 11 14:24:05 2020:发送心跳
Tue Aug 11 14:24:15 2020:发送心跳
Tue Aug 11 14:24:25 2020:发送心跳
Tue Aug 11 14:24:35 2020:发送心跳
Tue Aug 11 14:24:45 2020:发送心跳
Tue Aug 11 14:24:55 2020:发送心跳
Tue Aug 11 14:25:05 2020:发送心跳
Tue Aug 11 14:25:15 2020:发送心跳
Tue Aug 11 14:25:25 2020:发送心跳
Tue Aug 11 14:25:35 2020:发送心跳
Tue Aug 11 14:25:45 2020:发送心跳
Tue Aug 11 14:25:55 2020:发送心跳
Tue Aug 11 14:26:05 2020:发送心跳
Tue Aug 11 14:26:15 2020:发送心跳
Tue Aug 11 14:26:25 2020:发送心跳
Tue Aug 11 14:26:35 2020:发送心跳
Tue Aug 11 14:26:45 2020:发送心跳
Tue Aug 11 14:26:55 2020:发送心跳
Tue Aug 11 14:27:05 2020:发送心跳
Tue Aug 11 14:27:15 2020:发送心跳
Tue Aug 11 14:27:25 2020:发送心跳
Tue Aug 11 14:27:35 2020:发送心跳
Tue Aug 11 14:27:45 2020:发送心跳
Tue Aug 11 14:27:55 2020:发送心跳
Tue Aug 11 14:28:05 2020:发送心跳
Tue Aug 11 14:28:15 2020:发送心跳
Tue Aug 11 14:28:25 2020:发送心跳
Tue Aug 11 14:28:35 2020:发送心跳
Tue Aug 11 14:28:45 2020:发送心跳
Tue Aug 11 14:28:55 2020:发送心跳
Tue Aug 11 14:29:05 2020:发送心跳
Tue Aug 11 14:29:15 2020:发送心跳
Tue Aug 11 14:29:25 2020:发送心跳
Tue Aug 11 14:29:35 2020:发送心跳
Tue Aug 11 14:29:45 2020:发送心跳
Tue Aug 11 14:29:55 2020:发送心跳
Tue Aug 11 14:30:05 2020:发送心跳
Tue Aug 11 14:30:15 2020:发送心跳
Tue Aug 11 14:30:25 2020:发送心跳
Tue Aug 11 14:30:35 2020:发送心跳
Tue Aug 11 14:30:45 2020:发送心跳
Tue Aug 11 14:30:55 2020:发送心跳
Tue Aug 11 14:31:05 2020:发送心跳
Tue Aug 11 14:31:15 2020:发送心跳
Tue Aug 11 14:31:25 2020:发送心跳
Tue Aug 11 14:31:35 2020:发送心跳
Tue Aug 11 14:31:45 2020:发送心跳
Tue Aug 11 14:31:55 2020:发送心跳
Tue Aug 11 14:32:05 2020:发送心跳
Tue Aug 11 14:32:15 2020:发送心跳
Tue Aug 11 14:32:25 2020:发送心跳
Tue Aug 11 14:32:35 2020:发送心跳
Tue Aug 11 14:32:45 2020:发送心跳
Tue Aug 11 14:32:55 2020:发送心跳
Tue Aug 11 14:33:05 2020:发送心跳
Tue Aug 11 14:33:15 2020:发送心跳
Tue Aug 11 14:33:25 2020:发送心跳
Tue Aug 11 14:33:35 2020:发送心跳
Tue Aug 11 14:33:45 2020:发送心跳
Tue Aug 11 14:33:55 2020:发送心跳
Tue Aug 11 14:34:05 2020:发送心跳
Tue Aug 11 14:34:15 2020:发送心跳
Tue Aug 11 14:34:25 2020:发送心跳
Tue Aug 11 14:34:35 2020:发送心跳
Tue Aug 11 14:34:45 2020:发送心跳
Tue Aug 11 14:34:55 2020:发送心跳
Tue Aug 11 14:35:05 2020:发送心跳
Tue Aug 11 14:35:15 2020:发送心跳
Tue Aug 11 14:35:25 2020:发送心跳
Tue Aug 11 14:35:35 2020:发送心跳
Tue Aug 11 14:35:45 2020:发送心跳
Tue Aug 11 14:35:55 2020:发送心跳
Tue Aug 11 14:36:05 2020:发送心跳
Tue Aug 11 14:36:15 2020:发送心跳
Tue Aug 11 14:36:25 2020:发送心跳
Tue Aug 11 14:36:35 2020:发送心跳
Tue Aug 11 14:36:45 2020:发送心跳
Tue Aug 11 14:36:55 2020:发送心跳
Tue Aug 11 14:37:05 2020:发送心跳
Tue Aug 11 14:37:15 2020:发送心跳
Tue Aug 11 14:37:25 2020:发送心跳
Tue Aug 11 14:37:35 2020:发送心跳
Tue Aug 11 14:37:45 2020:发送心跳
Tue Aug 11 14:37:55 2020:发送心跳
Tue Aug 11 14:38:05 2020:发送心跳
Tue Aug 11 14:38:15 2020:发送心跳
Tue Aug 11 14:38:25 2020:发送心跳
Tue Aug 11 14:38:35 2020:发送心跳
Tue Aug 11 14:38:45 2020:发送心跳
Tue Aug 11 14:38:55 2020:发送心跳
Tue Aug 11 14:39:05 2020:发送心跳
Tue Aug 11 14:39:15 2020:发送心跳
Tue Aug 11 14:39:25 2020:发送心跳
Tue Aug 11 14:39:35 2020:发送心跳
Tue Aug 11 14:39:45 2020:发送心跳
Tue Aug 11 14:39:55 2020:发送心跳
Tue Aug 11 14:40:05 2020:发送心跳
Tue Aug 11 14:40:15 2020:发送心跳
Tue Aug 11 14:40:25 2020:发送心跳
Tue Aug 11 14:40:35 2020:发送心跳
Tue Aug 11 14:40:45 2020:发送心跳
Tue Aug 11 14:40:55 2020:发送心跳
Tue Aug 11 14:41:05 2020:发送心跳
Tue Aug 11 14:41:15 2020:发送心跳
Tue Aug 11 14:41:25 2020:发送心跳
Tue Aug 11 14:41:35 2020:发送心跳
Tue Aug 11 14:41:45 2020:发送心跳
Tue Aug 11 14:41:55 2020:发送心跳
Tue Aug 11 14:42:05 2020:发送心跳
Tue Aug 11 14:42:15 2020:发送心跳
Tue Aug 11 14:42:25 2020:发送心跳
Tue Aug 11 14:42:35 2020:发送心跳
Tue Aug 11 14:42:45 2020:发送心跳
Tue Aug 11 14:42:55 2020:发送心跳
Tue Aug 11 14:43:05 2020:发送心跳
Tue Aug 11 14:43:15 2020:发送心跳
Tue Aug 11 14:43:25 2020:发送心跳
Tue Aug 11 14:43:35 2020:发送心跳
Tue Aug 11 14:43:45 2020:发送心跳
Tue Aug 11 14:43:55 2020:发送心跳
Tue Aug 11 14:44:05 2020:发送心跳
Tue Aug 11 14:44:15 2020:发送心跳
Tue Aug 11 14:44:25 2020:发送心跳
Tue Aug 11 14:44:35 2020:发送心跳
Tue Aug 11 14:49:03 2020:登录发送
Tue Aug 11 14:49:58 2020:登录发送
Tue Aug 11 14:50:14 2020:heart overtime times : 1, resend!
Tue Aug 11 14:50:20 2020:heart overtime times : 2, resend!
Tue Aug 11 14:50:26 2020:heart overtime times : 3, resend!
Tue Aug 11 14:50:32 2020:heart overtime times > 3, close TCP, relink!!!
Tue Aug 11 14:53:14 2020:登录发送
Tue Aug 11 14:53:40 2020:heart overtime times : 1, resend!
Tue Aug 11 14:53:46 2020:heart overtime times : 2, resend!
Tue Aug 11 14:53:52 2020:heart overtime times : 3, resend!
Tue Aug 11 14:53:58 2020:heart overtime times > 3, close TCP, relink!!!
Tue Aug 11 14:55:46 2020:登录发送
Tue Aug 11 14:56:02 2020:heart overtime times : 1, resend!
Tue Aug 11 14:56:08 2020:heart overtime times : 2, resend!
Tue Aug 11 14:56:14 2020:heart overtime times > 3, close TCP, relink!!!
Tue Aug 11 14:56:47 2020:登录发送
Tue Aug 11 14:56:50 2020:登录发送
Tue Aug 11 14:57:06 2020:heart overtime times : 1, resend!
Tue Aug 11 14:57:12 2020:heart overtime times : 2, resend!
Tue Aug 11 14:57:18 2020:heart overtime times > 3, close TCP, relink!!!
Tue Aug 11 15:06:44 2020:登录发送
Tue Aug 11 15:07:10 2020:heart overtime times : 1, resend!
Tue Aug 11 15:07:16 2020:heart overtime times : 2, resend!
Tue Aug 11 15:07:22 2020:heart overtime times > 3, close TCP, relink!!!
Tue Aug 11 15:07:22 2020:login overtime times : 1, resend!
Tue Aug 11 15:11:29 2020:登录发送
Tue Aug 11 15:12:05 2020:heart overtime times : 1, resend!
Tue Aug 11 15:12:11 2020:heart overtime times : 2, resend!
Tue Aug 11 15:12:17 2020:heart overtime times > 3, close TCP, relink!!!
Tue Aug 11 15:12:17 2020:login overtime times : 1, resend!
Tue Aug 11 15:12:43 2020:heart overtime times : 1, resend!
Tue Aug 11 15:24:49 2020:heart overtime times : 1, resend!
Tue Aug 11 15:24:55 2020:heart overtime times : 2, resend!
Tue Aug 11 15:25:01 2020:heart overtime times > 3, close TCP, relink!!!
Tue Aug 11 15:25:01 2020:login overtime times : 1, resend!
Tue Aug 11 15:42:27 2020:登录发送
Tue Aug 11 15:42:33 2020:login overtime times : 1, resend!
Tue Aug 11 16:48:19 2020:登录发送
Wed Aug 12 09:09:19 2020:登录发送
Wed Aug 12 09:50:45 2020:heart overtime times : 1, resend!
Wed Aug 12 10:12:32 2020:heart overtime times : 1, resend!
Wed Aug 12 10:12:41 2020:login overtime times : 2, resend!
Wed Aug 12 11:09:32 2020:登录发送
